<?xml version="1.0" encoding="UTF-8"?>
<!-- Generated by org.testng.reporters.JUnitReportReporter -->
<testsuite hostname="TYSS-Jitendra" failures="0" tests="2" name="org.appiumpractise.eCommerce_tc_1" time="35.983" errors="0" timestamp="2024-06-23T19:59:54 IST" skipped="0">
  <testcase classname="org.appiumpractise.eCommerce_tc_1" name="FillForm" time="17.510"/>
  <system-out/>
  <testcase classname="org.appiumpractise.eCommerce_tc_1" name="FillForm" time="18.473"/>
  <system-out/>
</testsuite> <!-- org.appiumpractise.eCommerce_tc_1 -->
