<?xml version="1.0" encoding="UTF-8"?>
<!-- Generated by org.testng.reporters.JUnitReportReporter -->
<testsuite hostname="TYSS-Jitendra" failures="0" tests="2" name="org.appiumpractise.eCommerce_tc_4_Hybrid" time="79.504" errors="0" timestamp="2024-06-23T21:26:26 IST" skipped="0">
  <testcase classname="org.appiumpractise.eCommerce_tc_4_Hybrid" name="E2E_TC" time="27.127"/>
  <system-out/>
  <testcase classname="org.appiumpractise.eCommerce_tc_4_Hybrid" name="E2E_TC" time="52.377"/>
  <system-out/>
</testsuite> <!-- org.appiumpractise.eCommerce_tc_4_Hybrid -->
