<?xml version="1.0" encoding="UTF-8"?>
<!-- Generated by org.testng.reporters.JUnitReportReporter -->
<testsuite hostname="TYSS-Jitendra" failures="0" tests="1" name="org.appiumpractise.TestCases.eCommerce_tc_2" time="22.953" errors="0" timestamp="2024-06-29T13:02:29 IST" skipped="0">
  <testcase classname="org.appiumpractise.TestCases.eCommerce_tc_2" name="FillForm" time="22.953"/>
  <system-out/>
</testsuite> <!-- org.appiumpractise.TestCases.eCommerce_tc_2 -->
