<?xml version="1.0" encoding="UTF-8"?>
<!-- Generated by org.testng.reporters.JUnitReportReporter -->
<testsuite hostname="TYSS-Jitendra" failures="0" tests="2" name="org.appiumpractise.TestCases.eCommerce_tc_1" time="31.074" errors="0" timestamp="2024-06-29T13:02:29 IST" skipped="0">
  <testcase classname="org.appiumpractise.TestCases.eCommerce_tc_1" name="FillForm" time="13.213"/>
  <system-out/>
  <testcase classname="org.appiumpractise.TestCases.eCommerce_tc_1" name="FillForm" time="17.861"/>
  <system-out/>
</testsuite> <!-- org.appiumpractise.TestCases.eCommerce_tc_1 -->
