<?xml version="1.0" encoding="UTF-8"?>
<!-- Generated by org.testng.reporters.JUnitReportReporter -->
<testsuite hostname="TYSS-Jitendra" failures="0" tests="1" name="org.appiumpractise.eCommerce_tc_2" time="31.056" errors="0" timestamp="2024-06-23T19:59:54 IST" skipped="0">
  <testcase classname="org.appiumpractise.eCommerce_tc_2" name="FillForm" time="31.056"/>
  <system-out/>
</testsuite> <!-- org.appiumpractise.eCommerce_tc_2 -->
