<?xml version="1.0" encoding="UTF-8"?>
<!-- Generated by org.testng.reporters.JUnitReportReporter -->
<testsuite hostname="TYSS-Jitendra" failures="0" tests="2" name="org.appiumpractise.TestCases.eCommerce_tc_4_Hybrid" time="161.501" errors="0" timestamp="2024-06-30T12:11:46 IST" skipped="0">
  <testcase classname="org.appiumpractise.TestCases.eCommerce_tc_4_Hybrid" name="E2E_TC" time="49.607"/>
  <system-out/>
  <testcase classname="org.appiumpractise.TestCases.eCommerce_tc_4_Hybrid" name="E2E_TC" time="111.894"/>
  <system-out/>
</testsuite> <!-- org.appiumpractise.TestCases.eCommerce_tc_4_Hybrid -->
