<?xml version="1.0" encoding="UTF-8"?>
<!-- Generated by org.testng.reporters.JUnitReportReporter -->
<testsuite hostname="TYSS-Jitendra" failures="0" tests="1" name="org.appiumpractise.TestCases.eCommerce_tc_3" time="29.409" errors="0" timestamp="2024-06-30T11:37:48 IST" skipped="0">
  <testcase classname="org.appiumpractise.TestCases.eCommerce_tc_3" name="FillForm" time="29.409"/>
  <system-out/>
</testsuite> <!-- org.appiumpractise.TestCases.eCommerce_tc_3 -->
